definitions: ecoli_2.txt
920 profiles
sourced from: https://pubmlst.org/data/profiles/ecoli_2.txt

locus dinB
dinB.tfa
Sourced from https://pubmlst.org/data/alleles/ecoli_2/dinB.tfa

locus icdA
icdA.tfa
Sourced from https://pubmlst.org/data/alleles/ecoli_2/icdA.tfa

locus pabB
pabB.tfa
Sourced from https://pubmlst.org/data/alleles/ecoli_2/pabB.tfa

locus polB
polB.tfa
Sourced from https://pubmlst.org/data/alleles/ecoli_2/polB.tfa

locus putP
putP.tfa
Sourced from https://pubmlst.org/data/alleles/ecoli_2/putP.tfa

locus trpA
trpA.tfa
Sourced from https://pubmlst.org/data/alleles/ecoli_2/trpA.tfa

locus trpB
trpB.tfa
Sourced from https://pubmlst.org/data/alleles/ecoli_2/trpB.tfa

locus uidA
uidA.tfa
Sourced from https://pubmlst.org/data/alleles/ecoli_2/uidA.tfa

all loci: Escherichia_coli#2.fasta
