definitions: cdifficile.txt
488 profiles
sourced from: https://pubmlst.org/data/profiles/cdifficile.txt

locus adk
adk.tfa
Sourced from https://pubmlst.org/data/alleles/cdifficile/adk.tfa

locus atpA
atpA.tfa
Sourced from https://pubmlst.org/data/alleles/cdifficile/atpA.tfa

locus dxr
dxr.tfa
Sourced from https://pubmlst.org/data/alleles/cdifficile/dxr.tfa

locus glyA
glyA.tfa
Sourced from https://pubmlst.org/data/alleles/cdifficile/glyA.tfa

locus recA
recA.tfa
Sourced from https://pubmlst.org/data/alleles/cdifficile/recA.tfa

locus sodA
sodA.tfa
Sourced from https://pubmlst.org/data/alleles/cdifficile/sodA.tfa

locus tpi
tpi.tfa
Sourced from https://pubmlst.org/data/alleles/cdifficile/tpi.tfa

all loci: Clostridium_difficile.fasta
